<?xml version="1.0" encoding="UTF-8"?>
<!-- Generated by org.testng.reporters.JUnitReportReporter -->
<testsuite hostname="DESKTOP-AL4SBLA" failures="0" tests="1" name="com.testNG.TestNGClass" time="7.186" errors="0" timestamp="2023-02-03T00:42:42 IST" skipped="0">
  <testcase classname="com.testNG.TestNGClass" name="test" time="7.186"/>
  <system-out/>
</testsuite> <!-- com.testNG.TestNGClass -->
